# JRE version: OpenJDK Runtime Environment (8.0_121-b13) (build 1.8.0_121-b13)
# Java VM: OpenJDK 64-Bit Server VM (25.121-b13 mixed mode linux-amd64 compressed oops)
Heap:
 PSYoungGen      total 449536K, used 86040K [0x00000000d6e00000, 0x0000000100000000, 0x0000000100000000)
  eden space 225280K, 0% used [0x00000000d6e00000,0x00000000d6e00000,0x00000000e4a00000)
  from space 224256K, 38% used [0x00000000e4a00000,0x00000000e9e06100,0x00000000f2500000)
  to   space 224256K, 0% used [0x00000000f2500000,0x00000000f2500000,0x0000000100000000)
 ParOldGen       total 778240K, used 777965K [0x0000000084a00000, 0x00000000b4200000, 0x00000000d6e00000)
  object space 778240K, 99% used [0x0000000084a00000,0x00000000b41bb410,0x00000000b4200000)
 Metaspace       used 4198K, capacity 4762K, committed 4864K, reserved 1056768K
  class space    used 455K, capacity 503K, committed 512K, reserved 1048576K
GC Heap History (10 events):
Event: 8.701 GC heap after
Heap after GC invocations=15 (full 3):
 PSYoungGen      total 449536K, used 220689K [0x00000000d6e00000, 0x0000000100000000, 0x0000000100000000)
  eden space 225280K, 0% used [0x00000000d6e00000,0x00000000d6e00000,0x00000000e4a00000)
  from space 224256K, 98% used [0x00000000f2500000,0x00000000ffc84528,0x0000000100000000)
  to   space 224256K, 0% used [0x00000000e4a00000,0x00000000e4a00000,0x00000000f2500000)
 ParOldGen       total 468480K, used 378932K [0x0000000084a00000, 0x00000000a1380000, 0x00000000d6e00000)
  object space 468480K, 80% used [0x0000000084a00000,0x000000009bc0d1b0,0x00000000a1380000)
 Metaspace       used 4198K, capacity 4762K, committed 4864K, reserved 1056768K
  class space    used 455K, capacity 503K, committed 512K, reserved 1048576K
}
Event: 8.790 GC heap before
{Heap before GC invocations=16 (full 3):
 PSYoungGen      total 449536K, used 445969K [0x00000000d6e00000, 0x0000000100000000, 0x0000000100000000)
  eden space 225280K, 100% used [0x00000000d6e00000,0x00000000e4a00000,0x00000000e4a00000)
  from space 224256K, 98% used [0x00000000f2500000,0x00000000ffc84528,0x0000000100000000)
  to   space 224256K, 0% used [0x00000000e4a00000,0x00000000e4a00000,0x00000000f2500000)
 ParOldGen       total 468480K, used 378932K [0x0000000084a00000, 0x00000000a1380000, 0x00000000d6e00000)
  object space 468480K, 80% used [0x0000000084a00000,0x000000009bc0d1b0,0x00000000a1380000)
 Metaspace       used 4198K, capacity 4762K, committed 4864K, reserved 1056768K
  class space    used 455K, capacity 503K, committed 512K, reserved 1048576K
Event: 9.079 GC heap after
Heap after GC invocations=16 (full 3):
 PSYoungGen      total 449536K, used 224233K [0x00000000d6e00000, 0x0000000100000000, 0x0000000100000000)
  eden space 225280K, 0% used [0x00000000d6e00000,0x00000000d6e00000,0x00000000e4a00000)
  from space 224256K, 99% used [0x00000000e4a00000,0x00000000f24fa798,0x00000000f2500000)
  to   space 224256K, 0% used [0x00000000f2500000,0x00000000f2500000,0x0000000100000000)
 ParOldGen       total 468480K, used 464132K [0x0000000084a00000, 0x00000000a1380000, 0x00000000d6e00000)
  object space 468480K, 99% used [0x0000000084a00000,0x00000000a0f411c0,0x00000000a1380000)
 Metaspace       used 4198K, capacity 4762K, committed 4864K, reserved 1056768K
  class space    used 455K, capacity 503K, committed 512K, reserved 1048576K
}
Event: 9.079 GC heap before
{Heap before GC invocations=17 (full 4):
 PSYoungGen      total 449536K, used 224233K [0x00000000d6e00000, 0x0000000100000000, 0x0000000100000000)
  eden space 225280K, 0% used [0x00000000d6e00000,0x00000000d6e00000,0x00000000e4a00000)
  from space 224256K, 99% used [0x00000000e4a00000,0x00000000f24fa798,0x00000000f2500000)
  to   space 224256K, 0% used [0x00000000f2500000,0x00000000f2500000,0x0000000100000000)
 ParOldGen       total 468480K, used 464132K [0x0000000084a00000, 0x00000000a1380000, 0x00000000d6e00000)
  object space 468480K, 99% used [0x0000000084a00000,0x00000000a0f411c0,0x00000000a1380000)
 Metaspace       used 4198K, capacity 4762K, committed 4864K, reserved 1056768K
  class space    used 455K, capacity 503K, committed 512K, reserved 1048576K
Event: 12.580 GC heap after
Heap after GC invocations=17 (full 4):
 PSYoungGen      total 449536K, used 218432K [0x00000000d6e00000, 0x0000000100000000, 0x0000000100000000)
  eden space 225280K, 0% used [0x00000000d6e00000,0x00000000d6e00000,0x00000000e4a00000)
  from space 224256K, 97% used [0x00000000e4a00000,0x00000000f1f502a8,0x00000000f2500000)
  to   space 224256K, 0% used [0x00000000f2500000,0x00000000f2500000,0x0000000100000000)
 ParOldGen       total 761856K, used 468157K [0x0000000084a00000, 0x00000000b3200000, 0x00000000d6e00000)
  object space 761856K, 61% used [0x0000000084a00000,0x00000000a132f570,0x00000000b3200000)
 Metaspace       used 4198K, capacity 4762K, committed 4864K, reserved 1056768K
  class space    used 455K, capacity 503K, committed 512K, reserved 1048576K
}
Event: 12.672 GC heap before
{Heap before GC invocations=18 (full 4):
 PSYoungGen      total 449536K, used 443712K [0x00000000d6e00000, 0x0000000100000000, 0x0000000100000000)
  eden space 225280K, 100% used [0x00000000d6e00000,0x00000000e4a00000,0x00000000e4a00000)
  from space 224256K, 97% used [0x00000000e4a00000,0x00000000f1f502a8,0x00000000f2500000)
  to   space 224256K, 0% used [0x00000000f2500000,0x00000000f2500000,0x0000000100000000)
 ParOldGen       total 761856K, used 468157K [0x0000000084a00000, 0x00000000b3200000, 0x00000000d6e00000)
  object space 761856K, 61% used [0x0000000084a00000,0x00000000a132f570,0x00000000b3200000)
 Metaspace       used 4198K, capacity 4762K, committed 4864K, reserved 1056768K
  class space    used 455K, capacity 503K, committed 512K, reserved 1048576K
Event: 13.049 GC heap after
Heap after GC invocations=18 (full 4):
 PSYoungGen      total 449536K, used 175328K [0x00000000d6e00000, 0x0000000100000000, 0x0000000100000000)
  eden space 225280K, 0% used [0x00000000d6e00000,0x00000000d6e00000,0x00000000e4a00000)
  from space 224256K, 78% used [0x00000000f2500000,0x00000000fd038010,0x0000000100000000)
  to   space 224256K, 0% used [0x00000000e4a00000,0x00000000e4a00000,0x00000000f2500000)
 ParOldGen       total 761856K, used 601725K [0x0000000084a00000, 0x00000000b3200000, 0x00000000d6e00000)
  object space 761856K, 78% used [0x0000000084a00000,0x00000000a959f570,0x00000000b3200000)
 Metaspace       used 4198K, capacity 4762K, committed 4864K, reserved 1056768K
  class space    used 455K, capacity 503K, committed 512K, reserved 1048576K
}
Event: 13.130 GC heap before
{Heap before GC invocations=19 (full 4):
 PSYoungGen      total 449536K, used 400608K [0x00000000d6e00000, 0x0000000100000000, 0x0000000100000000)
  eden space 225280K, 100% used [0x00000000d6e00000,0x00000000e4a00000,0x00000000e4a00000)
  from space 224256K, 78% used [0x00000000f2500000,0x00000000fd038010,0x0000000100000000)
  to   space 224256K, 0% used [0x00000000e4a00000,0x00000000e4a00000,0x00000000f2500000)
 ParOldGen       total 761856K, used 601725K [0x0000000084a00000, 0x00000000b3200000, 0x00000000d6e00000)
  object space 761856K, 78% used [0x0000000084a00000,0x00000000a959f570,0x00000000b3200000)
 Metaspace       used 4198K, capacity 4762K, committed 4864K, reserved 1056768K
  class space    used 455K, capacity 503K, committed 512K, reserved 1048576K
Event: 13.403 GC heap after
Heap after GC invocations=19 (full 4):
 PSYoungGen      total 449536K, used 88768K [0x00000000d6e00000, 0x0000000100000000, 0x0000000100000000)
  eden space 225280K, 0% used [0x00000000d6e00000,0x00000000d6e00000,0x00000000e4a00000)
  from space 224256K, 39% used [0x00000000e4a00000,0x00000000ea0b0000,0x00000000f2500000)
  to   space 224256K, 0% used [0x00000000f2500000,0x00000000f2500000,0x0000000100000000)
 ParOldGen       total 778240K, used 777445K [0x0000000084a00000, 0x00000000b4200000, 0x00000000d6e00000)
  object space 778240K, 99% used [0x0000000084a00000,0x00000000b4139580,0x00000000b4200000)
 Metaspace       used 4198K, capacity 4762K, committed 4864K, reserved 1056768K
  class space    used 455K, capacity 503K, committed 512K, reserved 1048576K
}
Event: 13.403 GC heap before
{Heap before GC invocations=20 (full 5):
 PSYoungGen      total 449536K, used 88768K [0x00000000d6e00000, 0x0000000100000000, 0x0000000100000000)
  eden space 225280K, 0% used [0x00000000d6e00000,0x00000000d6e00000,0x00000000e4a00000)
  from space 224256K, 39% used [0x00000000e4a00000,0x00000000ea0b0000,0x00000000f2500000)
  to   space 224256K, 0% used [0x00000000f2500000,0x00000000f2500000,0x0000000100000000)
 ParOldGen       total 778240K, used 777445K [0x0000000084a00000, 0x00000000b4200000, 0x00000000d6e00000)
  object space 778240K, 99% used [0x0000000084a00000,0x00000000b4139580,0x00000000b4200000)
 Metaspace       used 4198K, capacity 4762K, committed 4864K, reserved 1056768K
  class space    used 455K, capacity 503K, committed 512K, reserved 1048576K

