# JRE version: OpenJDK Runtime Environment (8.0_121-b13) (build 1.8.0_121-b13)
# Java VM: OpenJDK 64-Bit Server VM (25.121-b13 mixed mode linux-amd64 compressed oops)
Heap:
 PSYoungGen      total 449536K, used 85770K [0x00000000d6e00000, 0x0000000100000000, 0x0000000100000000)
  eden space 225280K, 0% used [0x00000000d6e00000,0x00000000d6e00000,0x00000000e4a00000)
  from space 224256K, 38% used [0x00000000e4a00000,0x00000000e9dc2ba8,0x00000000f2500000)
  to   space 224256K, 0% used [0x00000000f2500000,0x00000000f2500000,0x0000000100000000)
 ParOldGen       total 784384K, used 784157K [0x0000000084a00000, 0x00000000b4800000, 0x00000000d6e00000)
  object space 784384K, 99% used [0x0000000084a00000,0x00000000b47c77e0,0x00000000b4800000)
 Metaspace       used 4180K, capacity 4762K, committed 4864K, reserved 1056768K
  class space    used 457K, capacity 503K, committed 512K, reserved 1048576K
GC Heap History (10 events):
Event: 9.122 GC heap after
Heap after GC invocations=15 (full 3):
 PSYoungGen      total 449536K, used 224241K [0x00000000d6e00000, 0x0000000100000000, 0x0000000100000000)
  eden space 225280K, 0% used [0x00000000d6e00000,0x00000000d6e00000,0x00000000e4a00000)
  from space 224256K, 99% used [0x00000000f2500000,0x00000000ffffc528,0x0000000100000000)
  to   space 224256K, 0% used [0x00000000e4a00000,0x00000000e4a00000,0x00000000f2500000)
 ParOldGen       total 474112K, used 384803K [0x0000000084a00000, 0x00000000a1900000, 0x00000000d6e00000)
  object space 474112K, 81% used [0x0000000084a00000,0x000000009c1c8e18,0x00000000a1900000)
 Metaspace       used 4169K, capacity 4762K, committed 4864K, reserved 1056768K
  class space    used 455K, capacity 503K, committed 512K, reserved 1048576K
}
Event: 9.204 GC heap before
{Heap before GC invocations=16 (full 3):
 PSYoungGen      total 449536K, used 449521K [0x00000000d6e00000, 0x0000000100000000, 0x0000000100000000)
  eden space 225280K, 100% used [0x00000000d6e00000,0x00000000e4a00000,0x00000000e4a00000)
  from space 224256K, 99% used [0x00000000f2500000,0x00000000ffffc528,0x0000000100000000)
  to   space 224256K, 0% used [0x00000000e4a00000,0x00000000e4a00000,0x00000000f2500000)
 ParOldGen       total 474112K, used 384803K [0x0000000084a00000, 0x00000000a1900000, 0x00000000d6e00000)
  object space 474112K, 81% used [0x0000000084a00000,0x000000009c1c8e18,0x00000000a1900000)
 Metaspace       used 4169K, capacity 4762K, committed 4864K, reserved 1056768K
  class space    used 455K, capacity 503K, committed 512K, reserved 1048576K
Event: 9.536 GC heap after
Heap after GC invocations=16 (full 3):
 PSYoungGen      total 449536K, used 224241K [0x00000000d6e00000, 0x0000000100000000, 0x0000000100000000)
  eden space 225280K, 0% used [0x00000000d6e00000,0x00000000d6e00000,0x00000000e4a00000)
  from space 224256K, 99% used [0x00000000e4a00000,0x00000000f24fc528,0x00000000f2500000)
  to   space 224256K, 0% used [0x00000000f2500000,0x00000000f2500000,0x0000000100000000)
 ParOldGen       total 474112K, used 473355K [0x0000000084a00000, 0x00000000a1900000, 0x00000000d6e00000)
  object space 474112K, 99% used [0x0000000084a00000,0x00000000a1842e18,0x00000000a1900000)
 Metaspace       used 4169K, capacity 4762K, committed 4864K, reserved 1056768K
  class space    used 455K, capacity 503K, committed 512K, reserved 1048576K
}
Event: 9.536 GC heap before
{Heap before GC invocations=17 (full 4):
 PSYoungGen      total 449536K, used 224241K [0x00000000d6e00000, 0x0000000100000000, 0x0000000100000000)
  eden space 225280K, 0% used [0x00000000d6e00000,0x00000000d6e00000,0x00000000e4a00000)
  from space 224256K, 99% used [0x00000000e4a00000,0x00000000f24fc528,0x00000000f2500000)
  to   space 224256K, 0% used [0x00000000f2500000,0x00000000f2500000,0x0000000100000000)
 ParOldGen       total 474112K, used 473355K [0x0000000084a00000, 0x00000000a1900000, 0x00000000d6e00000)
  object space 474112K, 99% used [0x0000000084a00000,0x00000000a1842e18,0x00000000a1900000)
 Metaspace       used 4169K, capacity 4762K, committed 4864K, reserved 1056768K
  class space    used 455K, capacity 503K, committed 512K, reserved 1048576K
Event: 14.458 GC heap after
Heap after GC invocations=17 (full 4):
 PSYoungGen      total 449536K, used 222710K [0x00000000d6e00000, 0x0000000100000000, 0x0000000100000000)
  eden space 225280K, 0% used [0x00000000d6e00000,0x00000000d6e00000,0x00000000e4a00000)
  from space 224256K, 99% used [0x00000000e4a00000,0x00000000f237d850,0x00000000f2500000)
  to   space 224256K, 0% used [0x00000000f2500000,0x00000000f2500000,0x0000000100000000)
 ParOldGen       total 777728K, used 473214K [0x0000000084a00000, 0x00000000b4180000, 0x00000000d6e00000)
  object space 777728K, 60% used [0x0000000084a00000,0x00000000a181fa70,0x00000000b4180000)
 Metaspace       used 4169K, capacity 4762K, committed 4864K, reserved 1056768K
  class space    used 455K, capacity 503K, committed 512K, reserved 1048576K
}
Event: 14.539 GC heap before
{Heap before GC invocations=18 (full 4):
 PSYoungGen      total 449536K, used 447990K [0x00000000d6e00000, 0x0000000100000000, 0x0000000100000000)
  eden space 225280K, 100% used [0x00000000d6e00000,0x00000000e4a00000,0x00000000e4a00000)
  from space 224256K, 99% used [0x00000000e4a00000,0x00000000f237d850,0x00000000f2500000)
  to   space 224256K, 0% used [0x00000000f2500000,0x00000000f2500000,0x0000000100000000)
 ParOldGen       total 777728K, used 473214K [0x0000000084a00000, 0x00000000b4180000, 0x00000000d6e00000)
  object space 777728K, 60% used [0x0000000084a00000,0x00000000a181fa70,0x00000000b4180000)
 Metaspace       used 4180K, capacity 4762K, committed 4864K, reserved 1056768K
  class space    used 457K, capacity 503K, committed 512K, reserved 1048576K
Event: 15.070 GC heap after
Heap after GC invocations=18 (full 4):
 PSYoungGen      total 449536K, used 171888K [0x00000000d6e00000, 0x0000000100000000, 0x0000000100000000)
  eden space 225280K, 0% used [0x00000000d6e00000,0x00000000d6e00000,0x00000000e4a00000)
  from space 224256K, 76% used [0x00000000f2500000,0x00000000fccdc010,0x0000000100000000)
  to   space 224256K, 0% used [0x00000000e4a00000,0x00000000e4a00000,0x00000000f2500000)
 ParOldGen       total 777728K, used 610326K [0x0000000084a00000, 0x00000000b4180000, 0x00000000d6e00000)
  object space 777728K, 78% used [0x0000000084a00000,0x00000000a9e05a80,0x00000000b4180000)
 Metaspace       used 4180K, capacity 4762K, committed 4864K, reserved 1056768K
  class space    used 457K, capacity 503K, committed 512K, reserved 1048576K
}
Event: 15.150 GC heap before
{Heap before GC invocations=19 (full 4):
 PSYoungGen      total 449536K, used 397168K [0x00000000d6e00000, 0x0000000100000000, 0x0000000100000000)
  eden space 225280K, 100% used [0x00000000d6e00000,0x00000000e4a00000,0x00000000e4a00000)
  from space 224256K, 76% used [0x00000000f2500000,0x00000000fccdc010,0x0000000100000000)
  to   space 224256K, 0% used [0x00000000e4a00000,0x00000000e4a00000,0x00000000f2500000)
 ParOldGen       total 777728K, used 610326K [0x0000000084a00000, 0x00000000b4180000, 0x00000000d6e00000)
  object space 777728K, 78% used [0x0000000084a00000,0x00000000a9e05a80,0x00000000b4180000)
 Metaspace       used 4180K, capacity 4762K, committed 4864K, reserved 1056768K
  class space    used 457K, capacity 503K, committed 512K, reserved 1048576K
Event: 15.472 GC heap after
Heap after GC invocations=19 (full 4):
 PSYoungGen      total 449536K, used 88480K [0x00000000d6e00000, 0x0000000100000000, 0x0000000100000000)
  eden space 225280K, 0% used [0x00000000d6e00000,0x00000000d6e00000,0x00000000e4a00000)
  from space 224256K, 39% used [0x00000000e4a00000,0x00000000ea068000,0x00000000f2500000)
  to   space 224256K, 0% used [0x00000000f2500000,0x00000000f2500000,0x0000000100000000)
 ParOldGen       total 784384K, used 782566K [0x0000000084a00000, 0x00000000b4800000, 0x00000000d6e00000)
  object space 784384K, 99% used [0x0000000084a00000,0x00000000b4639aa0,0x00000000b4800000)
 Metaspace       used 4180K, capacity 4762K, committed 4864K, reserved 1056768K
  class space    used 457K, capacity 503K, committed 512K, reserved 1048576K
}
Event: 15.472 GC heap before
{Heap before GC invocations=20 (full 5):
 PSYoungGen      total 449536K, used 88480K [0x00000000d6e00000, 0x0000000100000000, 0x0000000100000000)
  eden space 225280K, 0% used [0x00000000d6e00000,0x00000000d6e00000,0x00000000e4a00000)
  from space 224256K, 39% used [0x00000000e4a00000,0x00000000ea068000,0x00000000f2500000)
  to   space 224256K, 0% used [0x00000000f2500000,0x00000000f2500000,0x0000000100000000)
 ParOldGen       total 784384K, used 782566K [0x0000000084a00000, 0x00000000b4800000, 0x00000000d6e00000)
  object space 784384K, 99% used [0x0000000084a00000,0x00000000b4639aa0,0x00000000b4800000)
 Metaspace       used 4180K, capacity 4762K, committed 4864K, reserved 1056768K
  class space    used 457K, capacity 503K, committed 512K, reserved 1048576K

